==============================================================================
Suites                                                                        
==============================================================================
Suites.DDT1 :: Testing the Login Page of NOP Commerce                         
==============================================================================
Right User Empty Password                                             | PASS |
------------------------------------------------------------------------------
Right User Wrong Password                                             | PASS |
------------------------------------------------------------------------------
Wrong User Right Password                                             | PASS |
------------------------------------------------------------------------------
Wrong User Empty Password                                             | PASS |
------------------------------------------------------------------------------
Wrong User Wrong Password                                             | PASS |
------------------------------------------------------------------------------
Suites.DDT1 :: Testing the Login Page of NOP Commerce                 | PASS |
5 tests, 5 passed, 0 failed
==============================================================================
Suites                                                                | PASS |
5 tests, 5 passed, 0 failed
==============================================================================
Output:  C:\Users\d_joh\OneDrive\Coding Projects\TestProject\pabot_results\3\output.xml
