==============================================================================
Suites                                                                        
==============================================================================
Suites.Links                                                                  
==============================================================================
Get All Links                                                         16
Home
Flights
Hotels
Car Rentals
Cruises
Destinations
Vacations
SIGN-ON
REGISTER
SUPPORT
CONTACT
your destination
featured vacation destinations
Register here
Business Travel @ About.com
Salon Travel
| PASS |
------------------------------------------------------------------------------
Suites.Links                                                          | PASS |
1 test, 1 passed, 0 failed
==============================================================================
Suites                                                                | PASS |
1 test, 1 passed, 0 failed
==============================================================================
Output:  C:\Users\d_joh\OneDrive\Coding Projects\TestProject\pabot_results\10\output.xml
