==============================================================================
Suites                                                                        
==============================================================================
Suites.ForLoop                                                                
==============================================================================
For Loop                                                              1
2
3
4
5
6
7
8
9
| PASS |
------------------------------------------------------------------------------
Another For Loop                                                      1
2
3
4
5
| PASS |
------------------------------------------------------------------------------
Anotherr For Loop                                                     Duck
Chicken
Pig
Cow
| PASS |
------------------------------------------------------------------------------
Anotherrr For Loop                                                    1
2
3
| PASS |
------------------------------------------------------------------------------
Suites.ForLoop                                                        | PASS |
4 tests, 4 passed, 0 failed
==============================================================================
Suites                                                                | PASS |
4 tests, 4 passed, 0 failed
==============================================================================
Output:  C:\Users\d_joh\OneDrive\Coding Projects\TestProject\pabot_results\7\output.xml
